1506071261849:!os cls
1506071267985:help
1506071279562:register
1506071298844:register 107207 1234
1506071307970:login 107207
1506071317723:login 107207 1234
1506071349883:importXLSX f:/test.xlsx
1506071538490:importXLSX
1506071550831:help
1506071580657:import-xlsx f:/test.xlsx
1506071587847:summay
1506071596079:summary
1506071682503:exit
1506071723515:help
1506071751875:import-xlsx f://test.xlsx
1506071757112:summary
1506071840019:summay
1506071845991:summary
1506071868122:import-xlsx f:/test.xls
1506071894415:import-xlsx f:/test.xlsx
1506071899798:summary
1506072157620:hel
1506072189961:help
1506072348881:show
1506072378921:imp f:/test
1506072390289:show
1506073406010:exit
